2023-10-05 12:59:56,659 [Worker-1: Loading available Gradle versions] INFO  o.e.b.c.i.u.g.PublishedGradleVersions - Gradle version information cache is up-to-date. Trying to read.
2023-10-09 15:14:56,141 [Worker-5: Loading available Gradle versions] INFO  o.e.b.c.i.u.g.PublishedGradleVersions - Gradle version information cache is up-to-date. Trying to read.
2023-10-10 11:54:48,814 [Worker-2: Loading available Gradle versions] INFO  o.e.b.c.i.u.g.PublishedGradleVersions - Gradle version information cache is out-of-date. Trying to update.
2023-10-11 15:01:43,633 [Worker-3: Loading available Gradle versions] INFO  o.e.b.c.i.u.g.PublishedGradleVersions - Gradle version information cache is out-of-date. Trying to update.
2023-10-12 11:50:24,336 [Worker-6: Loading available Gradle versions] INFO  o.e.b.c.i.u.g.PublishedGradleVersions - Gradle version information cache is up-to-date. Trying to read.
2023-10-14 11:50:40,619 [Worker-7: Loading available Gradle versions] INFO  o.e.b.c.i.u.g.PublishedGradleVersions - Gradle version information cache is up-to-date. Trying to read.
2023-10-17 11:54:28,908 [Worker-0: Loading available Gradle versions] INFO  o.e.b.c.i.u.g.PublishedGradleVersions - Gradle version information cache is up-to-date. Trying to read.
2023-10-18 11:41:06,280 [Worker-10: Loading available Gradle versions] INFO  o.e.b.c.i.u.g.PublishedGradleVersions - Gradle version information cache is up-to-date. Trying to read.
2023-10-18 12:08:35,724 [Worker-0: Loading available Gradle versions] INFO  o.e.b.c.i.u.g.PublishedGradleVersions - Gradle version information cache is up-to-date. Trying to read.
2023-10-19 12:01:09,861 [Worker-1: Loading available Gradle versions] INFO  o.e.b.c.i.u.g.PublishedGradleVersions - Gradle version information cache is out-of-date. Trying to update.
2023-10-26 11:40:28,515 [Worker-1: Loading available Gradle versions] INFO  o.e.b.c.i.u.g.PublishedGradleVersions - Gradle version information cache is out-of-date. Trying to update.
2023-10-26 12:40:15,807 [Worker-4: Loading available Gradle versions] INFO  o.e.b.c.i.u.g.PublishedGradleVersions - Gradle version information cache is up-to-date. Trying to read.
2023-10-28 11:54:12,420 [Worker-4: Loading available Gradle versions] INFO  o.e.b.c.i.u.g.PublishedGradleVersions - Gradle version information cache is up-to-date. Trying to read.
2023-11-02 11:41:00,460 [Worker-7: Loading available Gradle versions] INFO  o.e.b.c.i.u.g.PublishedGradleVersions - Gradle version information cache is out-of-date. Trying to update.
2023-11-04 11:50:48,829 [Worker-3: Loading available Gradle versions] INFO  o.e.b.c.i.u.g.PublishedGradleVersions - Gradle version information cache is out-of-date. Trying to update.
2023-11-07 12:00:31,886 [Worker-6: Loading available Gradle versions] INFO  o.e.b.c.i.u.g.PublishedGradleVersions - Gradle version information cache is up-to-date. Trying to read.
2023-11-09 11:40:40,265 [Worker-6: Loading available Gradle versions] INFO  o.e.b.c.i.u.g.PublishedGradleVersions - Gradle version information cache is out-of-date. Trying to update.
2023-11-23 11:33:51,782 [Worker-3: Loading available Gradle versions] INFO  o.e.b.c.i.u.g.PublishedGradleVersions - Gradle version information cache is out-of-date. Trying to update.
2023-11-23 11:37:54,175 [Worker-5: Loading available Gradle versions] INFO  o.e.b.c.i.u.g.PublishedGradleVersions - Gradle version information cache is up-to-date. Trying to read.
2023-11-23 11:57:58,368 [Worker-45: Launching mavenrun-c5c00825-0f2d-49a7-ac13-0f73af62197f] INFO  o.eclipse.m2e.core.internal.Bundles - getClasspathEntries(Bundle=org.eclipse.m2e.maven.runtime_3.9.100.20230519-1558 [613])
2023-11-23 11:57:58,373 [Worker-45: Launching mavenrun-c5c00825-0f2d-49a7-ac13-0f73af62197f] INFO  o.eclipse.m2e.core.internal.Bundles - 	Entry: C:\Users\jay-pc\.p2\pool\plugins\org.eclipse.m2e.maven.runtime_3.9.100.20230519-1558
2023-11-23 11:57:58,373 [Worker-45: Launching mavenrun-c5c00825-0f2d-49a7-ac13-0f73af62197f] INFO  o.eclipse.m2e.core.internal.Bundles - 	Entry: C:\Users\jay-pc\.p2\pool\plugins\org.eclipse.m2e.maven.runtime_3.9.100.20230519-1558\jars\aether-connector-okhttp-0.17.8.jar
2023-11-23 11:57:58,374 [Worker-45: Launching mavenrun-c5c00825-0f2d-49a7-ac13-0f73af62197f] INFO  o.eclipse.m2e.core.internal.Bundles - 	Entry: C:\Users\jay-pc\.p2\pool\plugins\org.eclipse.m2e.maven.runtime_3.9.100.20230519-1558\jars\aopalliance-1.0.jar
2023-11-23 11:57:58,374 [Worker-45: Launching mavenrun-c5c00825-0f2d-49a7-ac13-0f73af62197f] INFO  o.eclipse.m2e.core.internal.Bundles - 	Entry: C:\Users\jay-pc\.p2\pool\plugins\org.eclipse.m2e.maven.runtime_3.9.100.20230519-1558\jars\commons-lang3-3.8.1.jar
2023-11-23 11:57:58,374 [Worker-45: Launching mavenrun-c5c00825-0f2d-49a7-ac13-0f73af62197f] INFO  o.eclipse.m2e.core.internal.Bundles - 	Entry: C:\Users\jay-pc\.p2\pool\plugins\org.eclipse.m2e.maven.runtime_3.9.100.20230519-1558\jars\failureaccess-1.0.1.jar
2023-11-23 11:57:58,374 [Worker-45: Launching mavenrun-c5c00825-0f2d-49a7-ac13-0f73af62197f] INFO  o.eclipse.m2e.core.internal.Bundles - 	Entry: C:\Users\jay-pc\.p2\pool\plugins\org.eclipse.m2e.maven.runtime_3.9.100.20230519-1558\jars\guava-30.1-jre.jar
2023-11-23 11:57:58,374 [Worker-45: Launching mavenrun-c5c00825-0f2d-49a7-ac13-0f73af62197f] INFO  o.eclipse.m2e.core.internal.Bundles - 	Entry: C:\Users\jay-pc\.p2\pool\plugins\org.eclipse.m2e.maven.runtime_3.9.100.20230519-1558\jars\guice-5.1.0.jar
2023-11-23 11:57:58,375 [Worker-45: Launching mavenrun-c5c00825-0f2d-49a7-ac13-0f73af62197f] INFO  o.eclipse.m2e.core.internal.Bundles - 	Entry: C:\Users\jay-pc\.p2\pool\plugins\org.eclipse.m2e.maven.runtime_3.9.100.20230519-1558\jars\jansi-2.4.0.jar
2023-11-23 11:57:58,375 [Worker-45: Launching mavenrun-c5c00825-0f2d-49a7-ac13-0f73af62197f] INFO  o.eclipse.m2e.core.internal.Bundles - 	Entry: C:\Users\jay-pc\.p2\pool\plugins\org.eclipse.m2e.maven.runtime_3.9.100.20230519-1558\jars\maven-artifact-3.9.1.jar
2023-11-23 11:57:58,375 [Worker-45: Launching mavenrun-c5c00825-0f2d-49a7-ac13-0f73af62197f] INFO  o.eclipse.m2e.core.internal.Bundles - 	Entry: C:\Users\jay-pc\.p2\pool\plugins\org.eclipse.m2e.maven.runtime_3.9.100.20230519-1558\jars\maven-builder-support-3.9.1.jar
2023-11-23 11:57:58,375 [Worker-45: Launching mavenrun-c5c00825-0f2d-49a7-ac13-0f73af62197f] INFO  o.eclipse.m2e.core.internal.Bundles - 	Entry: C:\Users\jay-pc\.p2\pool\plugins\org.eclipse.m2e.maven.runtime_3.9.100.20230519-1558\jars\maven-compat-3.9.1.jar
2023-11-23 11:57:58,375 [Worker-45: Launching mavenrun-c5c00825-0f2d-49a7-ac13-0f73af62197f] INFO  o.eclipse.m2e.core.internal.Bundles - 	Entry: C:\Users\jay-pc\.p2\pool\plugins\org.eclipse.m2e.maven.runtime_3.9.100.20230519-1558\jars\maven-core-3.9.1.jar
2023-11-23 11:57:58,375 [Worker-45: Launching mavenrun-c5c00825-0f2d-49a7-ac13-0f73af62197f] INFO  o.eclipse.m2e.core.internal.Bundles - 	Entry: C:\Users\jay-pc\.p2\pool\plugins\org.eclipse.m2e.maven.runtime_3.9.100.20230519-1558\jars\maven-embedder-3.9.1.jar
2023-11-23 11:57:58,375 [Worker-45: Launching mavenrun-c5c00825-0f2d-49a7-ac13-0f73af62197f] INFO  o.eclipse.m2e.core.internal.Bundles - 	Entry: C:\Users\jay-pc\.p2\pool\plugins\org.eclipse.m2e.maven.runtime_3.9.100.20230519-1558\jars\maven-model-3.9.1.jar
2023-11-23 11:57:58,375 [Worker-45: Launching mavenrun-c5c00825-0f2d-49a7-ac13-0f73af62197f] INFO  o.eclipse.m2e.core.internal.Bundles - 	Entry: C:\Users\jay-pc\.p2\pool\plugins\org.eclipse.m2e.maven.runtime_3.9.100.20230519-1558\jars\maven-model-builder-3.9.1.jar
2023-11-23 11:57:58,376 [Worker-45: Launching mavenrun-c5c00825-0f2d-49a7-ac13-0f73af62197f] INFO  o.eclipse.m2e.core.internal.Bundles - 	Entry: C:\Users\jay-pc\.p2\pool\plugins\org.eclipse.m2e.maven.runtime_3.9.100.20230519-1558\jars\maven-plugin-api-3.9.1.jar
2023-11-23 11:57:58,376 [Worker-45: Launching mavenrun-c5c00825-0f2d-49a7-ac13-0f73af62197f] INFO  o.eclipse.m2e.core.internal.Bundles - 	Entry: C:\Users\jay-pc\.p2\pool\plugins\org.eclipse.m2e.maven.runtime_3.9.100.20230519-1558\jars\maven-repository-metadata-3.9.1.jar
2023-11-23 11:57:58,376 [Worker-45: Launching mavenrun-c5c00825-0f2d-49a7-ac13-0f73af62197f] INFO  o.eclipse.m2e.core.internal.Bundles - 	Entry: C:\Users\jay-pc\.p2\pool\plugins\org.eclipse.m2e.maven.runtime_3.9.100.20230519-1558\jars\maven-resolver-api-1.9.7.jar
2023-11-23 11:57:58,376 [Worker-45: Launching mavenrun-c5c00825-0f2d-49a7-ac13-0f73af62197f] INFO  o.eclipse.m2e.core.internal.Bundles - 	Entry: C:\Users\jay-pc\.p2\pool\plugins\org.eclipse.m2e.maven.runtime_3.9.100.20230519-1558\jars\maven-resolver-connector-basic-1.9.7.jar
2023-11-23 11:57:58,376 [Worker-45: Launching mavenrun-c5c00825-0f2d-49a7-ac13-0f73af62197f] INFO  o.eclipse.m2e.core.internal.Bundles - 	Entry: C:\Users\jay-pc\.p2\pool\plugins\org.eclipse.m2e.maven.runtime_3.9.100.20230519-1558\jars\maven-resolver-impl-1.9.7.jar
2023-11-23 11:57:58,376 [Worker-45: Launching mavenrun-c5c00825-0f2d-49a7-ac13-0f73af62197f] INFO  o.eclipse.m2e.core.internal.Bundles - 	Entry: C:\Users\jay-pc\.p2\pool\plugins\org.eclipse.m2e.maven.runtime_3.9.100.20230519-1558\jars\maven-resolver-named-locks-1.9.7.jar
2023-11-23 11:57:58,376 [Worker-45: Launching mavenrun-c5c00825-0f2d-49a7-ac13-0f73af62197f] INFO  o.eclipse.m2e.core.internal.Bundles - 	Entry: C:\Users\jay-pc\.p2\pool\plugins\org.eclipse.m2e.maven.runtime_3.9.100.20230519-1558\jars\maven-resolver-provider-3.9.1.jar
2023-11-23 11:57:58,377 [Worker-45: Launching mavenrun-c5c00825-0f2d-49a7-ac13-0f73af62197f] INFO  o.eclipse.m2e.core.internal.Bundles - 	Entry: C:\Users\jay-pc\.p2\pool\plugins\org.eclipse.m2e.maven.runtime_3.9.100.20230519-1558\jars\maven-resolver-spi-1.9.7.jar
2023-11-23 11:57:58,377 [Worker-45: Launching mavenrun-c5c00825-0f2d-49a7-ac13-0f73af62197f] INFO  o.eclipse.m2e.core.internal.Bundles - 	Entry: C:\Users\jay-pc\.p2\pool\plugins\org.eclipse.m2e.maven.runtime_3.9.100.20230519-1558\jars\maven-resolver-transport-wagon-1.9.7.jar
2023-11-23 11:57:58,377 [Worker-45: Launching mavenrun-c5c00825-0f2d-49a7-ac13-0f73af62197f] INFO  o.eclipse.m2e.core.internal.Bundles - 	Entry: C:\Users\jay-pc\.p2\pool\plugins\org.eclipse.m2e.maven.runtime_3.9.100.20230519-1558\jars\maven-resolver-util-1.9.7.jar
2023-11-23 11:57:58,377 [Worker-45: Launching mavenrun-c5c00825-0f2d-49a7-ac13-0f73af62197f] INFO  o.eclipse.m2e.core.internal.Bundles - 	Entry: C:\Users\jay-pc\.p2\pool\plugins\org.eclipse.m2e.maven.runtime_3.9.100.20230519-1558\jars\maven-settings-3.9.1.jar
2023-11-23 11:57:58,377 [Worker-45: Launching mavenrun-c5c00825-0f2d-49a7-ac13-0f73af62197f] INFO  o.eclipse.m2e.core.internal.Bundles - 	Entry: C:\Users\jay-pc\.p2\pool\plugins\org.eclipse.m2e.maven.runtime_3.9.100.20230519-1558\jars\maven-settings-builder-3.9.1.jar
2023-11-23 11:57:58,377 [Worker-45: Launching mavenrun-c5c00825-0f2d-49a7-ac13-0f73af62197f] INFO  o.eclipse.m2e.core.internal.Bundles - 	Entry: C:\Users\jay-pc\.p2\pool\plugins\org.eclipse.m2e.maven.runtime_3.9.100.20230519-1558\jars\maven-shared-utils-3.3.4.jar
2023-11-23 11:57:58,377 [Worker-45: Launching mavenrun-c5c00825-0f2d-49a7-ac13-0f73af62197f] INFO  o.eclipse.m2e.core.internal.Bundles - 	Entry: C:\Users\jay-pc\.p2\pool\plugins\org.eclipse.m2e.maven.runtime_3.9.100.20230519-1558\jars\okhttp-3.14.1.jar
2023-11-23 11:57:58,377 [Worker-45: Launching mavenrun-c5c00825-0f2d-49a7-ac13-0f73af62197f] INFO  o.eclipse.m2e.core.internal.Bundles - 	Entry: C:\Users\jay-pc\.p2\pool\plugins\org.eclipse.m2e.maven.runtime_3.9.100.20230519-1558\jars\okio-1.17.3.jar
2023-11-23 11:57:58,378 [Worker-45: Launching mavenrun-c5c00825-0f2d-49a7-ac13-0f73af62197f] INFO  o.eclipse.m2e.core.internal.Bundles - 	Entry: C:\Users\jay-pc\.p2\pool\plugins\org.eclipse.m2e.maven.runtime_3.9.100.20230519-1558\jars\org.eclipse.sisu.inject-0.3.5.jar
2023-11-23 11:57:58,378 [Worker-45: Launching mavenrun-c5c00825-0f2d-49a7-ac13-0f73af62197f] INFO  o.eclipse.m2e.core.internal.Bundles - 	Entry: C:\Users\jay-pc\.p2\pool\plugins\org.eclipse.m2e.maven.runtime_3.9.100.20230519-1558\jars\org.eclipse.sisu.plexus-0.3.5.jar
2023-11-23 11:57:58,378 [Worker-45: Launching mavenrun-c5c00825-0f2d-49a7-ac13-0f73af62197f] INFO  o.eclipse.m2e.core.internal.Bundles - 	Entry: C:\Users\jay-pc\.p2\pool\plugins\org.eclipse.m2e.maven.runtime_3.9.100.20230519-1558\jars\plexus-build-api-0.0.7.jar
2023-11-23 11:57:58,378 [Worker-45: Launching mavenrun-c5c00825-0f2d-49a7-ac13-0f73af62197f] INFO  o.eclipse.m2e.core.internal.Bundles - 	Entry: C:\Users\jay-pc\.p2\pool\plugins\org.eclipse.m2e.maven.runtime_3.9.100.20230519-1558\jars\plexus-cipher-2.0.jar
2023-11-23 11:57:58,378 [Worker-45: Launching mavenrun-c5c00825-0f2d-49a7-ac13-0f73af62197f] INFO  o.eclipse.m2e.core.internal.Bundles - 	Entry: C:\Users\jay-pc\.p2\pool\plugins\org.eclipse.m2e.maven.runtime_3.9.100.20230519-1558\jars\plexus-classworlds-2.6.0.jar
2023-11-23 11:57:58,378 [Worker-45: Launching mavenrun-c5c00825-0f2d-49a7-ac13-0f73af62197f] INFO  o.eclipse.m2e.core.internal.Bundles - 	Entry: C:\Users\jay-pc\.p2\pool\plugins\org.eclipse.m2e.maven.runtime_3.9.100.20230519-1558\jars\plexus-component-annotations-2.1.0.jar
2023-11-23 11:57:58,378 [Worker-45: Launching mavenrun-c5c00825-0f2d-49a7-ac13-0f73af62197f] INFO  o.eclipse.m2e.core.internal.Bundles - 	Entry: C:\Users\jay-pc\.p2\pool\plugins\org.eclipse.m2e.maven.runtime_3.9.100.20230519-1558\jars\plexus-interpolation-1.26.jar
2023-11-23 11:57:58,379 [Worker-45: Launching mavenrun-c5c00825-0f2d-49a7-ac13-0f73af62197f] INFO  o.eclipse.m2e.core.internal.Bundles - 	Entry: C:\Users\jay-pc\.p2\pool\plugins\org.eclipse.m2e.maven.runtime_3.9.100.20230519-1558\jars\plexus-sec-dispatcher-2.0.jar
2023-11-23 11:57:58,379 [Worker-45: Launching mavenrun-c5c00825-0f2d-49a7-ac13-0f73af62197f] INFO  o.eclipse.m2e.core.internal.Bundles - 	Entry: C:\Users\jay-pc\.p2\pool\plugins\org.eclipse.m2e.maven.runtime_3.9.100.20230519-1558\jars\plexus-utils-3.5.1.jar
2023-11-23 11:57:58,379 [Worker-45: Launching mavenrun-c5c00825-0f2d-49a7-ac13-0f73af62197f] INFO  o.eclipse.m2e.core.internal.Bundles - 	Entry: C:\Users\jay-pc\.p2\pool\plugins\org.eclipse.m2e.maven.runtime_3.9.100.20230519-1558\jars\wagon-file-3.5.3.jar
2023-11-23 11:57:58,379 [Worker-45: Launching mavenrun-c5c00825-0f2d-49a7-ac13-0f73af62197f] INFO  o.eclipse.m2e.core.internal.Bundles - 	Entry: C:\Users\jay-pc\.p2\pool\plugins\org.eclipse.m2e.maven.runtime_3.9.100.20230519-1558\jars\wagon-provider-api-3.5.3.jar
2023-11-23 11:57:58,381 [Worker-45: Launching mavenrun-c5c00825-0f2d-49a7-ac13-0f73af62197f] INFO  o.eclipse.m2e.core.internal.Bundles - getClasspathEntries(Bundle=com.google.guava_31.1.0.jre [13])
2023-11-23 11:57:58,382 [Worker-45: Launching mavenrun-c5c00825-0f2d-49a7-ac13-0f73af62197f] INFO  o.eclipse.m2e.core.internal.Bundles - 	Entry: C:\Users\jay-pc\.p2\pool\plugins\com.google.guava_31.1.0.jre.jar
2023-11-23 11:57:58,382 [Worker-45: Launching mavenrun-c5c00825-0f2d-49a7-ac13-0f73af62197f] INFO  o.eclipse.m2e.core.internal.Bundles - getClasspathEntries(Bundle=slf4j.api_1.7.36 [981])
2023-11-23 11:57:58,383 [Worker-45: Launching mavenrun-c5c00825-0f2d-49a7-ac13-0f73af62197f] INFO  o.eclipse.m2e.core.internal.Bundles - 	Entry: C:\Users\jay-pc\.p2\pool\plugins\slf4j.api_1.7.36.jar
2023-11-23 11:57:58,383 [Worker-45: Launching mavenrun-c5c00825-0f2d-49a7-ac13-0f73af62197f] INFO  o.eclipse.m2e.core.internal.Bundles - getClasspathEntries(Bundle=javax.inject_1.0.0.v20220405-0441 [37])
2023-11-23 11:57:58,385 [Worker-45: Launching mavenrun-c5c00825-0f2d-49a7-ac13-0f73af62197f] INFO  o.eclipse.m2e.core.internal.Bundles - 	Entry: C:\Users\jay-pc\.p2\pool\plugins\javax.inject_1.0.0.v20220405-0441.jar
2023-11-23 11:57:58,385 [Worker-45: Launching mavenrun-c5c00825-0f2d-49a7-ac13-0f73af62197f] INFO  o.eclipse.m2e.core.internal.Bundles - getClasspathEntries(Bundle=javax.annotation_1.3.5.v20230504-0748 [35])
2023-11-23 11:57:58,387 [Worker-45: Launching mavenrun-c5c00825-0f2d-49a7-ac13-0f73af62197f] INFO  o.eclipse.m2e.core.internal.Bundles - 	Entry: C:\Users\jay-pc\.p2\pool\plugins\javax.annotation_1.3.5.v20230504-0748.jar
2023-11-23 11:57:58,387 [Worker-45: Launching mavenrun-c5c00825-0f2d-49a7-ac13-0f73af62197f] INFO  o.eclipse.m2e.core.internal.Bundles - getClasspathEntries(Bundle=org.apache.commons.cli_1.5.0 [69])
2023-11-23 11:57:58,388 [Worker-45: Launching mavenrun-c5c00825-0f2d-49a7-ac13-0f73af62197f] INFO  o.eclipse.m2e.core.internal.Bundles - 	Entry: C:\Users\jay-pc\.p2\pool\plugins\org.apache.commons.cli_1.5.0.jar
2023-11-23 11:57:58,388 [Worker-45: Launching mavenrun-c5c00825-0f2d-49a7-ac13-0f73af62197f] INFO  o.eclipse.m2e.core.internal.Bundles - getClasspathEntries(Bundle=com.google.guava.failureaccess_1.0.1 [14])
2023-11-23 11:57:58,388 [Worker-45: Launching mavenrun-c5c00825-0f2d-49a7-ac13-0f73af62197f] INFO  o.eclipse.m2e.core.internal.Bundles - 	Entry: C:\Users\jay-pc\.p2\pool\plugins\com.google.guava.failureaccess_1.0.1.jar
2023-11-23 11:57:58,394 [Worker-45: Launching mavenrun-c5c00825-0f2d-49a7-ac13-0f73af62197f] INFO  o.e.m.i.launch.MavenLaunchDelegate - Run build in "C:\Users\jay-pc\AppData\Local\Temp\m2e-archetypeGenerator17246607874001297433":
2023-11-23 11:57:58,397 [Worker-45: Launching mavenrun-c5c00825-0f2d-49a7-ac13-0f73af62197f] INFO  o.e.m.i.launch.MavenLaunchDelegate -  mvn  -DarchetypeGroupId=org.apache.maven.archetypes -DarchetypeArtifactId=maven-archetype-quickstart -DarchetypeVersion=1.1 -DgroupId=basic -DartifactId=Selenium_Learning -Dversion=0.0.1-SNAPSHOT -Dpackage=basic -DoutputDirectory="C:\Users\jay-pc\Selenium TTS 11-30 to 1-00" -Dstyle.color=always -U archetype:generate
2023-11-23 11:59:00,602 [Worker-40: Creating maven-archetype-quickstart] INFO  o.e.m.c.i.p.ProjectConfigurationManager - Collecting project info '/pom.xml' C:\Users\jay-pc\Selenium TTS 11-30 to 1-00\Selenium_Learning\pom.xml
2023-11-23 11:59:01,072 [Worker-40: Creating maven-archetype-quickstart] INFO  o.e.m.c.i.l.LifecycleMappingFactory - Using org.eclipse.m2e.jdt.JarLifecycleMapping lifecycle mapping for MavenProject: basic:Selenium_Learning:0.0.1-SNAPSHOT @ C:\Users\jay-pc\Selenium TTS 11-30 to 1-00\Selenium_Learning\pom.xml.
2023-11-23 11:59:01,490 [Worker-40: Creating maven-archetype-quickstart] INFO  o.e.m.j.i.AbstractJavaProjectConfigurator - Adding source folder /Selenium_Learning/src/main/java
2023-11-23 11:59:01,490 [Worker-40: Creating maven-archetype-quickstart] INFO  o.e.m.j.i.AbstractJavaProjectConfigurator - Adding resource folder /Selenium_Learning/src/main/resources
2023-11-23 11:59:01,492 [Worker-40: Creating maven-archetype-quickstart] INFO  o.e.m.j.i.AbstractJavaProjectConfigurator - Adding source folder /Selenium_Learning/src/test/java
2023-11-23 11:59:01,493 [Worker-40: Creating maven-archetype-quickstart] INFO  o.e.m.j.i.AbstractJavaProjectConfigurator - Adding resource folder /Selenium_Learning/src/test/resources
2023-11-23 11:59:01,572 [Worker-40: Creating maven-archetype-quickstart] INFO  o.e.m.c.i.p.ProjectConfigurationManager - Imported and configured 1 project(s) in 0 sec
2023-11-23 11:59:02,443 [Worker-47: Building] INFO  o.a.m.s.f.DefaultMavenResourcesFiltering - skip non existing resourceDirectory C:\Users\jay-pc\Selenium TTS 11-30 to 1-00\Selenium_Learning\src\main\resources
2023-11-23 11:59:02,446 [Worker-47: Building] INFO  o.a.m.s.f.DefaultMavenResourcesFiltering - skip non existing resourceDirectory C:\Users\jay-pc\Selenium TTS 11-30 to 1-00\Selenium_Learning\src\test\resources
2023-11-23 12:04:57,020 [Worker-45: Building] INFO  o.e.m.c.i.l.LifecycleMappingFactory - Using org.eclipse.m2e.jdt.JarLifecycleMapping lifecycle mapping for MavenProject: basic:Selenium_Learning:0.0.1-SNAPSHOT @ C:\Users\jay-pc\Selenium TTS 11-30 to 1-00\Selenium_Learning\pom.xml.
2023-11-23 12:04:57,378 [Worker-45: Building] INFO  o.a.m.s.f.DefaultMavenResourcesFiltering - skip non existing resourceDirectory C:\Users\jay-pc\Selenium TTS 11-30 to 1-00\Selenium_Learning\src\main\resources
2023-11-23 12:04:57,381 [Worker-45: Building] INFO  o.a.m.s.f.DefaultMavenResourcesFiltering - skip non existing resourceDirectory C:\Users\jay-pc\Selenium TTS 11-30 to 1-00\Selenium_Learning\src\test\resources
2023-11-23 12:29:44,189 [Worker-50: Building] INFO  o.a.m.s.f.DefaultMavenResourcesFiltering - skip non existing resourceDirectory C:\Users\jay-pc\Selenium TTS 11-30 to 1-00\Selenium_Learning\src\main\resources
2023-11-23 12:29:44,192 [Worker-50: Building] INFO  o.a.m.s.f.DefaultMavenResourcesFiltering - skip non existing resourceDirectory C:\Users\jay-pc\Selenium TTS 11-30 to 1-00\Selenium_Learning\src\test\resources
2023-11-23 12:29:47,140 [Worker-55: Building] INFO  o.a.m.s.f.DefaultMavenResourcesFiltering - skip non existing resourceDirectory C:\Users\jay-pc\Selenium TTS 11-30 to 1-00\Selenium_Learning\src\main\resources
2023-11-23 12:29:47,143 [Worker-55: Building] INFO  o.a.m.s.f.DefaultMavenResourcesFiltering - skip non existing resourceDirectory C:\Users\jay-pc\Selenium TTS 11-30 to 1-00\Selenium_Learning\src\test\resources
2023-11-23 12:30:39,761 [Worker-50: Building] INFO  o.a.m.s.f.DefaultMavenResourcesFiltering - skip non existing resourceDirectory C:\Users\jay-pc\Selenium TTS 11-30 to 1-00\Selenium_Learning\src\main\resources
2023-11-23 12:30:39,764 [Worker-50: Building] INFO  o.a.m.s.f.DefaultMavenResourcesFiltering - skip non existing resourceDirectory C:\Users\jay-pc\Selenium TTS 11-30 to 1-00\Selenium_Learning\src\test\resources
2023-11-23 12:31:45,164 [Worker-50: Building] INFO  o.a.m.s.f.DefaultMavenResourcesFiltering - skip non existing resourceDirectory C:\Users\jay-pc\Selenium TTS 11-30 to 1-00\Selenium_Learning\src\main\resources
2023-11-23 12:31:45,166 [Worker-50: Building] INFO  o.a.m.s.f.DefaultMavenResourcesFiltering - skip non existing resourceDirectory C:\Users\jay-pc\Selenium TTS 11-30 to 1-00\Selenium_Learning\src\test\resources
2023-11-23 12:31:48,175 [Worker-51: Building] INFO  o.a.m.s.f.DefaultMavenResourcesFiltering - skip non existing resourceDirectory C:\Users\jay-pc\Selenium TTS 11-30 to 1-00\Selenium_Learning\src\main\resources
2023-11-23 12:31:48,177 [Worker-51: Building] INFO  o.a.m.s.f.DefaultMavenResourcesFiltering - skip non existing resourceDirectory C:\Users\jay-pc\Selenium TTS 11-30 to 1-00\Selenium_Learning\src\test\resources
2023-11-23 12:31:52,338 [Worker-50: Building] INFO  o.a.m.s.f.DefaultMavenResourcesFiltering - skip non existing resourceDirectory C:\Users\jay-pc\Selenium TTS 11-30 to 1-00\Selenium_Learning\src\main\resources
2023-11-23 12:31:52,340 [Worker-50: Building] INFO  o.a.m.s.f.DefaultMavenResourcesFiltering - skip non existing resourceDirectory C:\Users\jay-pc\Selenium TTS 11-30 to 1-00\Selenium_Learning\src\test\resources
2023-11-23 12:31:59,830 [Worker-53: Building] INFO  o.a.m.s.f.DefaultMavenResourcesFiltering - skip non existing resourceDirectory C:\Users\jay-pc\Selenium TTS 11-30 to 1-00\Selenium_Learning\src\main\resources
2023-11-23 12:31:59,831 [Worker-53: Building] INFO  o.a.m.s.f.DefaultMavenResourcesFiltering - skip non existing resourceDirectory C:\Users\jay-pc\Selenium TTS 11-30 to 1-00\Selenium_Learning\src\test\resources
2023-11-23 12:32:07,723 [Start Help Server] INFO  org.eclipse.jetty.server.Server - jetty-10.0.15; built: 2023-04-11T17:25:14.480Z; git: 68017dbd00236bb7e187330d7585a059610f661d; jvm 18.0.2.1+1-1
2023-11-23 12:32:07,749 [Start Help Server] INFO  o.e.j.s.s.DefaultSessionIdManager - Session workerName=node0
2023-11-23 12:32:07,776 [Start Help Server] INFO  o.e.j.server.handler.ContextHandler - Started o.e.j.s.ServletContextHandler@54b6b390{/help,null,AVAILABLE}
2023-11-23 12:32:07,783 [Start Help Server] INFO  o.e.jetty.server.AbstractConnector - Started ServerConnector@59c47d5a{HTTP/1.1, (http/1.1)}{127.0.0.1:35406}
2023-11-23 12:32:07,796 [Start Help Server] INFO  org.eclipse.jetty.server.Server - Started Server@efc1e6c{STARTING}[10.0.15,sto=0] @3263946ms
2023-11-23 12:32:51,485 [Worker-56: Building] INFO  o.a.m.s.f.DefaultMavenResourcesFiltering - skip non existing resourceDirectory C:\Users\jay-pc\Selenium TTS 11-30 to 1-00\Selenium_Learning\src\main\resources
2023-11-23 12:32:51,488 [Worker-56: Building] INFO  o.a.m.s.f.DefaultMavenResourcesFiltering - skip non existing resourceDirectory C:\Users\jay-pc\Selenium TTS 11-30 to 1-00\Selenium_Learning\src\test\resources
2023-11-23 12:33:10,172 [Worker-50: Building] INFO  o.a.m.s.f.DefaultMavenResourcesFiltering - skip non existing resourceDirectory C:\Users\jay-pc\Selenium TTS 11-30 to 1-00\Selenium_Learning\src\main\resources
2023-11-23 12:33:10,174 [Worker-50: Building] INFO  o.a.m.s.f.DefaultMavenResourcesFiltering - skip non existing resourceDirectory C:\Users\jay-pc\Selenium TTS 11-30 to 1-00\Selenium_Learning\src\test\resources
2023-11-23 12:33:45,037 [Worker-53: Building] INFO  o.a.m.s.f.DefaultMavenResourcesFiltering - skip non existing resourceDirectory C:\Users\jay-pc\Selenium TTS 11-30 to 1-00\Selenium_Learning\src\main\resources
2023-11-23 12:33:45,039 [Worker-53: Building] INFO  o.a.m.s.f.DefaultMavenResourcesFiltering - skip non existing resourceDirectory C:\Users\jay-pc\Selenium TTS 11-30 to 1-00\Selenium_Learning\src\test\resources
2023-11-23 12:34:05,964 [Worker-57: Building] INFO  o.a.m.s.f.DefaultMavenResourcesFiltering - skip non existing resourceDirectory C:\Users\jay-pc\Selenium TTS 11-30 to 1-00\Selenium_Learning\src\main\resources
2023-11-23 12:34:05,966 [Worker-57: Building] INFO  o.a.m.s.f.DefaultMavenResourcesFiltering - skip non existing resourceDirectory C:\Users\jay-pc\Selenium TTS 11-30 to 1-00\Selenium_Learning\src\test\resources
2023-11-23 12:34:07,001 [Worker-57: Building] INFO  o.a.m.s.f.DefaultMavenResourcesFiltering - skip non existing resourceDirectory C:\Users\jay-pc\Selenium TTS 11-30 to 1-00\Selenium_Learning\src\main\resources
2023-11-23 12:34:07,003 [Worker-57: Building] INFO  o.a.m.s.f.DefaultMavenResourcesFiltering - skip non existing resourceDirectory C:\Users\jay-pc\Selenium TTS 11-30 to 1-00\Selenium_Learning\src\test\resources
2023-11-23 12:34:28,962 [Worker-51: Building] INFO  o.a.m.s.f.DefaultMavenResourcesFiltering - skip non existing resourceDirectory C:\Users\jay-pc\Selenium TTS 11-30 to 1-00\Selenium_Learning\src\main\resources
2023-11-23 12:34:28,964 [Worker-51: Building] INFO  o.a.m.s.f.DefaultMavenResourcesFiltering - skip non existing resourceDirectory C:\Users\jay-pc\Selenium TTS 11-30 to 1-00\Selenium_Learning\src\test\resources
2023-11-23 12:34:39,230 [Worker-58: Building] INFO  o.a.m.s.f.DefaultMavenResourcesFiltering - skip non existing resourceDirectory C:\Users\jay-pc\Selenium TTS 11-30 to 1-00\Selenium_Learning\src\main\resources
2023-11-23 12:34:39,232 [Worker-58: Building] INFO  o.a.m.s.f.DefaultMavenResourcesFiltering - skip non existing resourceDirectory C:\Users\jay-pc\Selenium TTS 11-30 to 1-00\Selenium_Learning\src\test\resources
2023-11-23 12:34:43,481 [Worker-57: Building] INFO  o.a.m.s.f.DefaultMavenResourcesFiltering - skip non existing resourceDirectory C:\Users\jay-pc\Selenium TTS 11-30 to 1-00\Selenium_Learning\src\main\resources
2023-11-23 12:34:43,482 [Worker-57: Building] INFO  o.a.m.s.f.DefaultMavenResourcesFiltering - skip non existing resourceDirectory C:\Users\jay-pc\Selenium TTS 11-30 to 1-00\Selenium_Learning\src\test\resources
2023-11-23 12:34:55,637 [Worker-59: Building] INFO  o.a.m.s.f.DefaultMavenResourcesFiltering - skip non existing resourceDirectory C:\Users\jay-pc\Selenium TTS 11-30 to 1-00\Selenium_Learning\src\main\resources
2023-11-23 12:34:55,639 [Worker-59: Building] INFO  o.a.m.s.f.DefaultMavenResourcesFiltering - skip non existing resourceDirectory C:\Users\jay-pc\Selenium TTS 11-30 to 1-00\Selenium_Learning\src\test\resources
2023-11-23 12:34:56,724 [Worker-56: Building] INFO  o.a.m.s.f.DefaultMavenResourcesFiltering - skip non existing resourceDirectory C:\Users\jay-pc\Selenium TTS 11-30 to 1-00\Selenium_Learning\src\main\resources
2023-11-23 12:34:56,726 [Worker-56: Building] INFO  o.a.m.s.f.DefaultMavenResourcesFiltering - skip non existing resourceDirectory C:\Users\jay-pc\Selenium TTS 11-30 to 1-00\Selenium_Learning\src\test\resources
2023-11-23 12:42:33,979 [Worker-65: Building] INFO  o.a.m.s.f.DefaultMavenResourcesFiltering - skip non existing resourceDirectory C:\Users\jay-pc\Selenium TTS 11-30 to 1-00\Selenium_Learning\src\main\resources
2023-11-23 12:42:33,981 [Worker-65: Building] INFO  o.a.m.s.f.DefaultMavenResourcesFiltering - skip non existing resourceDirectory C:\Users\jay-pc\Selenium TTS 11-30 to 1-00\Selenium_Learning\src\test\resources
2023-11-23 12:42:37,693 [Worker-63: Building] INFO  o.a.m.s.f.DefaultMavenResourcesFiltering - skip non existing resourceDirectory C:\Users\jay-pc\Selenium TTS 11-30 to 1-00\Selenium_Learning\src\main\resources
2023-11-23 12:42:37,694 [Worker-63: Building] INFO  o.a.m.s.f.DefaultMavenResourcesFiltering - skip non existing resourceDirectory C:\Users\jay-pc\Selenium TTS 11-30 to 1-00\Selenium_Learning\src\test\resources
2023-11-23 12:43:00,334 [Worker-54: Building] INFO  o.a.m.s.f.DefaultMavenResourcesFiltering - skip non existing resourceDirectory C:\Users\jay-pc\Selenium TTS 11-30 to 1-00\Selenium_Learning\src\main\resources
2023-11-23 12:43:00,335 [Worker-54: Building] INFO  o.a.m.s.f.DefaultMavenResourcesFiltering - skip non existing resourceDirectory C:\Users\jay-pc\Selenium TTS 11-30 to 1-00\Selenium_Learning\src\test\resources
2023-11-23 12:43:01,397 [Worker-63: Building] INFO  o.a.m.s.f.DefaultMavenResourcesFiltering - skip non existing resourceDirectory C:\Users\jay-pc\Selenium TTS 11-30 to 1-00\Selenium_Learning\src\main\resources
2023-11-23 12:43:01,399 [Worker-63: Building] INFO  o.a.m.s.f.DefaultMavenResourcesFiltering - skip non existing resourceDirectory C:\Users\jay-pc\Selenium TTS 11-30 to 1-00\Selenium_Learning\src\test\resources
2023-11-23 12:44:17,062 [Worker-63: Building] INFO  o.a.m.s.f.DefaultMavenResourcesFiltering - skip non existing resourceDirectory C:\Users\jay-pc\Selenium TTS 11-30 to 1-00\Selenium_Learning\src\main\resources
2023-11-23 12:44:17,064 [Worker-63: Building] INFO  o.a.m.s.f.DefaultMavenResourcesFiltering - skip non existing resourceDirectory C:\Users\jay-pc\Selenium TTS 11-30 to 1-00\Selenium_Learning\src\test\resources
2023-11-23 12:51:29,157 [Stop Help Server] INFO  org.eclipse.jetty.server.Server - Stopped Server@efc1e6c{STOPPING}[10.0.15,sto=0]
2023-11-23 12:51:29,162 [Stop Help Server] INFO  o.e.jetty.server.AbstractConnector - Stopped ServerConnector@59c47d5a{HTTP/1.1, (http/1.1)}{127.0.0.1:0}
2023-11-23 12:51:29,168 [Stop Help Server] INFO  o.e.j.server.handler.ContextHandler - Stopped o.e.j.s.ServletContextHandler@54b6b390{/help,null,STOPPED}
2023-11-25 11:43:43,035 [Worker-0: Loading available Gradle versions] INFO  o.e.b.c.i.u.g.PublishedGradleVersions - Gradle version information cache is up-to-date. Trying to read.
2023-11-25 12:22:28,576 [Start Help Server] INFO  org.eclipse.jetty.server.Server - jetty-10.0.15; built: 2023-04-11T17:25:14.480Z; git: 68017dbd00236bb7e187330d7585a059610f661d; jvm 18.0.2.1+1-1
2023-11-25 12:22:28,651 [Start Help Server] INFO  o.e.j.s.s.DefaultSessionIdManager - Session workerName=node0
2023-11-25 12:22:28,690 [Start Help Server] INFO  o.e.j.server.handler.ContextHandler - Started o.e.j.s.ServletContextHandler@5d6b997f{/help,null,AVAILABLE}
2023-11-25 12:22:28,701 [Start Help Server] INFO  o.e.jetty.server.AbstractConnector - Started ServerConnector@7224c12c{HTTP/1.1, (http/1.1)}{127.0.0.1:17469}
2023-11-25 12:22:28,713 [Start Help Server] INFO  org.eclipse.jetty.server.Server - Started Server@39df0bd6{STARTING}[10.0.15,sto=0] @2501960ms
2023-11-25 12:26:17,682 [Worker-21: Building] INFO  o.a.m.s.f.DefaultMavenResourcesFiltering - skip non existing resourceDirectory C:\Users\jay-pc\Selenium TTS 11-30 to 1-00\Selenium_Learning\src\main\resources
2023-11-25 12:26:17,687 [Worker-21: Building] INFO  o.a.m.s.f.DefaultMavenResourcesFiltering - skip non existing resourceDirectory C:\Users\jay-pc\Selenium TTS 11-30 to 1-00\Selenium_Learning\src\test\resources
2023-11-25 12:26:43,912 [Worker-26: Building] INFO  o.a.m.s.f.DefaultMavenResourcesFiltering - skip non existing resourceDirectory C:\Users\jay-pc\Selenium TTS 11-30 to 1-00\Selenium_Learning\src\main\resources
2023-11-25 12:26:43,915 [Worker-26: Building] INFO  o.a.m.s.f.DefaultMavenResourcesFiltering - skip non existing resourceDirectory C:\Users\jay-pc\Selenium TTS 11-30 to 1-00\Selenium_Learning\src\test\resources
2023-11-25 12:27:06,578 [Worker-27: Building] INFO  o.a.m.s.f.DefaultMavenResourcesFiltering - skip non existing resourceDirectory C:\Users\jay-pc\Selenium TTS 11-30 to 1-00\Selenium_Learning\src\main\resources
2023-11-25 12:27:06,581 [Worker-27: Building] INFO  o.a.m.s.f.DefaultMavenResourcesFiltering - skip non existing resourceDirectory C:\Users\jay-pc\Selenium TTS 11-30 to 1-00\Selenium_Learning\src\test\resources
2023-11-25 12:39:31,733 [Worker-29: Building] INFO  o.a.m.s.f.DefaultMavenResourcesFiltering - skip non existing resourceDirectory C:\Users\jay-pc\Selenium TTS 11-30 to 1-00\Selenium_Learning\src\main\resources
2023-11-25 12:39:31,736 [Worker-29: Building] INFO  o.a.m.s.f.DefaultMavenResourcesFiltering - skip non existing resourceDirectory C:\Users\jay-pc\Selenium TTS 11-30 to 1-00\Selenium_Learning\src\test\resources
2023-11-25 12:41:43,634 [Worker-34: Building] INFO  o.a.m.s.f.DefaultMavenResourcesFiltering - skip non existing resourceDirectory C:\Users\jay-pc\Selenium TTS 11-30 to 1-00\Selenium_Learning\src\main\resources
2023-11-25 12:41:43,636 [Worker-34: Building] INFO  o.a.m.s.f.DefaultMavenResourcesFiltering - skip non existing resourceDirectory C:\Users\jay-pc\Selenium TTS 11-30 to 1-00\Selenium_Learning\src\test\resources
2023-11-25 12:41:48,928 [Worker-30: Building] INFO  o.a.m.s.f.DefaultMavenResourcesFiltering - skip non existing resourceDirectory C:\Users\jay-pc\Selenium TTS 11-30 to 1-00\Selenium_Learning\src\main\resources
2023-11-25 12:41:48,931 [Worker-30: Building] INFO  o.a.m.s.f.DefaultMavenResourcesFiltering - skip non existing resourceDirectory C:\Users\jay-pc\Selenium TTS 11-30 to 1-00\Selenium_Learning\src\test\resources
2023-11-25 12:42:47,689 [Worker-35: Building] INFO  o.a.m.s.f.DefaultMavenResourcesFiltering - skip non existing resourceDirectory C:\Users\jay-pc\Selenium TTS 11-30 to 1-00\Selenium_Learning\src\main\resources
2023-11-25 12:42:47,691 [Worker-35: Building] INFO  o.a.m.s.f.DefaultMavenResourcesFiltering - skip non existing resourceDirectory C:\Users\jay-pc\Selenium TTS 11-30 to 1-00\Selenium_Learning\src\test\resources
2023-11-25 12:42:50,863 [Worker-34: Building] INFO  o.a.m.s.f.DefaultMavenResourcesFiltering - skip non existing resourceDirectory C:\Users\jay-pc\Selenium TTS 11-30 to 1-00\Selenium_Learning\src\main\resources
2023-11-25 12:42:50,865 [Worker-34: Building] INFO  o.a.m.s.f.DefaultMavenResourcesFiltering - skip non existing resourceDirectory C:\Users\jay-pc\Selenium TTS 11-30 to 1-00\Selenium_Learning\src\test\resources
2023-11-25 12:42:52,948 [Worker-35: Building] INFO  o.a.m.s.f.DefaultMavenResourcesFiltering - skip non existing resourceDirectory C:\Users\jay-pc\Selenium TTS 11-30 to 1-00\Selenium_Learning\src\main\resources
2023-11-25 12:42:52,950 [Worker-35: Building] INFO  o.a.m.s.f.DefaultMavenResourcesFiltering - skip non existing resourceDirectory C:\Users\jay-pc\Selenium TTS 11-30 to 1-00\Selenium_Learning\src\test\resources
2023-11-25 12:43:26,432 [Worker-35: Building] INFO  o.a.m.s.f.DefaultMavenResourcesFiltering - skip non existing resourceDirectory C:\Users\jay-pc\Selenium TTS 11-30 to 1-00\Selenium_Learning\src\main\resources
2023-11-25 12:43:26,434 [Worker-35: Building] INFO  o.a.m.s.f.DefaultMavenResourcesFiltering - skip non existing resourceDirectory C:\Users\jay-pc\Selenium TTS 11-30 to 1-00\Selenium_Learning\src\test\resources
2023-11-25 12:43:45,197 [Worker-30: Building] INFO  o.a.m.s.f.DefaultMavenResourcesFiltering - skip non existing resourceDirectory C:\Users\jay-pc\Selenium TTS 11-30 to 1-00\Selenium_Learning\src\main\resources
2023-11-25 12:43:45,199 [Worker-30: Building] INFO  o.a.m.s.f.DefaultMavenResourcesFiltering - skip non existing resourceDirectory C:\Users\jay-pc\Selenium TTS 11-30 to 1-00\Selenium_Learning\src\test\resources
2023-11-25 12:43:55,264 [Worker-30: Building] INFO  o.a.m.s.f.DefaultMavenResourcesFiltering - skip non existing resourceDirectory C:\Users\jay-pc\Selenium TTS 11-30 to 1-00\Selenium_Learning\src\main\resources
2023-11-25 12:43:55,266 [Worker-30: Building] INFO  o.a.m.s.f.DefaultMavenResourcesFiltering - skip non existing resourceDirectory C:\Users\jay-pc\Selenium TTS 11-30 to 1-00\Selenium_Learning\src\test\resources
2023-11-25 12:44:00,800 [Worker-30: Building] INFO  o.a.m.s.f.DefaultMavenResourcesFiltering - skip non existing resourceDirectory C:\Users\jay-pc\Selenium TTS 11-30 to 1-00\Selenium_Learning\src\main\resources
2023-11-25 12:44:00,803 [Worker-30: Building] INFO  o.a.m.s.f.DefaultMavenResourcesFiltering - skip non existing resourceDirectory C:\Users\jay-pc\Selenium TTS 11-30 to 1-00\Selenium_Learning\src\test\resources
2023-11-25 12:44:08,824 [Worker-30: Building] INFO  o.a.m.s.f.DefaultMavenResourcesFiltering - skip non existing resourceDirectory C:\Users\jay-pc\Selenium TTS 11-30 to 1-00\Selenium_Learning\src\main\resources
2023-11-25 12:44:08,827 [Worker-30: Building] INFO  o.a.m.s.f.DefaultMavenResourcesFiltering - skip non existing resourceDirectory C:\Users\jay-pc\Selenium TTS 11-30 to 1-00\Selenium_Learning\src\test\resources
2023-11-25 12:44:11,132 [Worker-30: Building] INFO  o.a.m.s.f.DefaultMavenResourcesFiltering - skip non existing resourceDirectory C:\Users\jay-pc\Selenium TTS 11-30 to 1-00\Selenium_Learning\src\main\resources
2023-11-25 12:44:11,134 [Worker-30: Building] INFO  o.a.m.s.f.DefaultMavenResourcesFiltering - skip non existing resourceDirectory C:\Users\jay-pc\Selenium TTS 11-30 to 1-00\Selenium_Learning\src\test\resources
2023-11-25 12:44:37,671 [Worker-29: Building] INFO  o.a.m.s.f.DefaultMavenResourcesFiltering - skip non existing resourceDirectory C:\Users\jay-pc\Selenium TTS 11-30 to 1-00\Selenium_Learning\src\main\resources
2023-11-25 12:44:37,673 [Worker-29: Building] INFO  o.a.m.s.f.DefaultMavenResourcesFiltering - skip non existing resourceDirectory C:\Users\jay-pc\Selenium TTS 11-30 to 1-00\Selenium_Learning\src\test\resources
2023-11-25 12:44:47,900 [Worker-38: Building] INFO  o.a.m.s.f.DefaultMavenResourcesFiltering - skip non existing resourceDirectory C:\Users\jay-pc\Selenium TTS 11-30 to 1-00\Selenium_Learning\src\main\resources
2023-11-25 12:44:47,903 [Worker-38: Building] INFO  o.a.m.s.f.DefaultMavenResourcesFiltering - skip non existing resourceDirectory C:\Users\jay-pc\Selenium TTS 11-30 to 1-00\Selenium_Learning\src\test\resources
2023-11-25 12:45:09,072 [Worker-37: Building] INFO  o.a.m.s.f.DefaultMavenResourcesFiltering - skip non existing resourceDirectory C:\Users\jay-pc\Selenium TTS 11-30 to 1-00\Selenium_Learning\src\main\resources
2023-11-25 12:45:09,073 [Worker-37: Building] INFO  o.a.m.s.f.DefaultMavenResourcesFiltering - skip non existing resourceDirectory C:\Users\jay-pc\Selenium TTS 11-30 to 1-00\Selenium_Learning\src\test\resources
2023-11-25 12:45:27,444 [Worker-29: Building] INFO  o.a.m.s.f.DefaultMavenResourcesFiltering - skip non existing resourceDirectory C:\Users\jay-pc\Selenium TTS 11-30 to 1-00\Selenium_Learning\src\main\resources
2023-11-25 12:45:27,446 [Worker-29: Building] INFO  o.a.m.s.f.DefaultMavenResourcesFiltering - skip non existing resourceDirectory C:\Users\jay-pc\Selenium TTS 11-30 to 1-00\Selenium_Learning\src\test\resources
2023-11-25 12:45:31,690 [Worker-30: Building] INFO  o.a.m.s.f.DefaultMavenResourcesFiltering - skip non existing resourceDirectory C:\Users\jay-pc\Selenium TTS 11-30 to 1-00\Selenium_Learning\src\main\resources
2023-11-25 12:45:31,692 [Worker-30: Building] INFO  o.a.m.s.f.DefaultMavenResourcesFiltering - skip non existing resourceDirectory C:\Users\jay-pc\Selenium TTS 11-30 to 1-00\Selenium_Learning\src\test\resources
2023-11-25 12:45:34,817 [Worker-37: Building] INFO  o.a.m.s.f.DefaultMavenResourcesFiltering - skip non existing resourceDirectory C:\Users\jay-pc\Selenium TTS 11-30 to 1-00\Selenium_Learning\src\main\resources
2023-11-25 12:45:34,824 [Worker-37: Building] INFO  o.a.m.s.f.DefaultMavenResourcesFiltering - skip non existing resourceDirectory C:\Users\jay-pc\Selenium TTS 11-30 to 1-00\Selenium_Learning\src\test\resources
2023-11-25 12:46:33,643 [Worker-36: Building] INFO  o.a.m.s.f.DefaultMavenResourcesFiltering - skip non existing resourceDirectory C:\Users\jay-pc\Selenium TTS 11-30 to 1-00\Selenium_Learning\src\main\resources
2023-11-25 12:46:33,645 [Worker-36: Building] INFO  o.a.m.s.f.DefaultMavenResourcesFiltering - skip non existing resourceDirectory C:\Users\jay-pc\Selenium TTS 11-30 to 1-00\Selenium_Learning\src\test\resources
2023-11-25 12:46:35,980 [Worker-29: Building] INFO  o.a.m.s.f.DefaultMavenResourcesFiltering - skip non existing resourceDirectory C:\Users\jay-pc\Selenium TTS 11-30 to 1-00\Selenium_Learning\src\main\resources
2023-11-25 12:46:35,983 [Worker-29: Building] INFO  o.a.m.s.f.DefaultMavenResourcesFiltering - skip non existing resourceDirectory C:\Users\jay-pc\Selenium TTS 11-30 to 1-00\Selenium_Learning\src\test\resources
2023-11-25 12:46:44,721 [Worker-29: Building] INFO  o.a.m.s.f.DefaultMavenResourcesFiltering - skip non existing resourceDirectory C:\Users\jay-pc\Selenium TTS 11-30 to 1-00\Selenium_Learning\src\main\resources
2023-11-25 12:46:44,723 [Worker-29: Building] INFO  o.a.m.s.f.DefaultMavenResourcesFiltering - skip non existing resourceDirectory C:\Users\jay-pc\Selenium TTS 11-30 to 1-00\Selenium_Learning\src\test\resources
2023-11-25 12:46:49,482 [Worker-30: Building] INFO  o.a.m.s.f.DefaultMavenResourcesFiltering - skip non existing resourceDirectory C:\Users\jay-pc\Selenium TTS 11-30 to 1-00\Selenium_Learning\src\main\resources
2023-11-25 12:46:49,484 [Worker-30: Building] INFO  o.a.m.s.f.DefaultMavenResourcesFiltering - skip non existing resourceDirectory C:\Users\jay-pc\Selenium TTS 11-30 to 1-00\Selenium_Learning\src\test\resources
2023-11-25 12:46:57,400 [Worker-37: Building] INFO  o.a.m.s.f.DefaultMavenResourcesFiltering - skip non existing resourceDirectory C:\Users\jay-pc\Selenium TTS 11-30 to 1-00\Selenium_Learning\src\main\resources
2023-11-25 12:46:57,402 [Worker-37: Building] INFO  o.a.m.s.f.DefaultMavenResourcesFiltering - skip non existing resourceDirectory C:\Users\jay-pc\Selenium TTS 11-30 to 1-00\Selenium_Learning\src\test\resources
2023-11-25 12:47:31,942 [Worker-37: Building] INFO  o.a.m.s.f.DefaultMavenResourcesFiltering - skip non existing resourceDirectory C:\Users\jay-pc\Selenium TTS 11-30 to 1-00\Selenium_Learning\src\main\resources
2023-11-25 12:47:31,946 [Worker-37: Building] INFO  o.a.m.s.f.DefaultMavenResourcesFiltering - skip non existing resourceDirectory C:\Users\jay-pc\Selenium TTS 11-30 to 1-00\Selenium_Learning\src\test\resources
2023-11-25 12:47:34,412 [Worker-37: Building] INFO  o.a.m.s.f.DefaultMavenResourcesFiltering - skip non existing resourceDirectory C:\Users\jay-pc\Selenium TTS 11-30 to 1-00\Selenium_Learning\src\main\resources
2023-11-25 12:47:34,414 [Worker-37: Building] INFO  o.a.m.s.f.DefaultMavenResourcesFiltering - skip non existing resourceDirectory C:\Users\jay-pc\Selenium TTS 11-30 to 1-00\Selenium_Learning\src\test\resources
2023-11-25 12:48:25,925 [Worker-36: Building] INFO  o.a.m.s.f.DefaultMavenResourcesFiltering - skip non existing resourceDirectory C:\Users\jay-pc\Selenium TTS 11-30 to 1-00\Selenium_Learning\src\main\resources
2023-11-25 12:48:25,927 [Worker-36: Building] INFO  o.a.m.s.f.DefaultMavenResourcesFiltering - skip non existing resourceDirectory C:\Users\jay-pc\Selenium TTS 11-30 to 1-00\Selenium_Learning\src\test\resources
2023-11-25 12:49:24,280 [Worker-30: Building] INFO  o.a.m.s.f.DefaultMavenResourcesFiltering - skip non existing resourceDirectory C:\Users\jay-pc\Selenium TTS 11-30 to 1-00\Selenium_Learning\src\main\resources
2023-11-25 12:49:24,282 [Worker-30: Building] INFO  o.a.m.s.f.DefaultMavenResourcesFiltering - skip non existing resourceDirectory C:\Users\jay-pc\Selenium TTS 11-30 to 1-00\Selenium_Learning\src\test\resources
2023-11-25 12:49:31,760 [Worker-36: Building] INFO  o.a.m.s.f.DefaultMavenResourcesFiltering - skip non existing resourceDirectory C:\Users\jay-pc\Selenium TTS 11-30 to 1-00\Selenium_Learning\src\main\resources
2023-11-25 12:49:31,763 [Worker-36: Building] INFO  o.a.m.s.f.DefaultMavenResourcesFiltering - skip non existing resourceDirectory C:\Users\jay-pc\Selenium TTS 11-30 to 1-00\Selenium_Learning\src\test\resources
2023-11-25 12:50:13,352 [Worker-36: Building] INFO  o.a.m.s.f.DefaultMavenResourcesFiltering - skip non existing resourceDirectory C:\Users\jay-pc\Selenium TTS 11-30 to 1-00\Selenium_Learning\src\main\resources
2023-11-25 12:50:13,354 [Worker-36: Building] INFO  o.a.m.s.f.DefaultMavenResourcesFiltering - skip non existing resourceDirectory C:\Users\jay-pc\Selenium TTS 11-30 to 1-00\Selenium_Learning\src\test\resources
2023-11-25 12:50:27,233 [Worker-42: Building] INFO  o.a.m.s.f.DefaultMavenResourcesFiltering - skip non existing resourceDirectory C:\Users\jay-pc\Selenium TTS 11-30 to 1-00\Selenium_Learning\src\main\resources
2023-11-25 12:50:27,235 [Worker-42: Building] INFO  o.a.m.s.f.DefaultMavenResourcesFiltering - skip non existing resourceDirectory C:\Users\jay-pc\Selenium TTS 11-30 to 1-00\Selenium_Learning\src\test\resources
2023-11-25 12:51:54,621 [Worker-30: Building] INFO  o.a.m.s.f.DefaultMavenResourcesFiltering - skip non existing resourceDirectory C:\Users\jay-pc\Selenium TTS 11-30 to 1-00\Selenium_Learning\src\main\resources
2023-11-25 12:51:54,623 [Worker-30: Building] INFO  o.a.m.s.f.DefaultMavenResourcesFiltering - skip non existing resourceDirectory C:\Users\jay-pc\Selenium TTS 11-30 to 1-00\Selenium_Learning\src\test\resources
2023-11-25 12:51:58,097 [Worker-37: Building] INFO  o.a.m.s.f.DefaultMavenResourcesFiltering - skip non existing resourceDirectory C:\Users\jay-pc\Selenium TTS 11-30 to 1-00\Selenium_Learning\src\main\resources
2023-11-25 12:51:58,100 [Worker-37: Building] INFO  o.a.m.s.f.DefaultMavenResourcesFiltering - skip non existing resourceDirectory C:\Users\jay-pc\Selenium TTS 11-30 to 1-00\Selenium_Learning\src\test\resources
2023-11-25 12:52:04,246 [Worker-30: Building] INFO  o.a.m.s.f.DefaultMavenResourcesFiltering - skip non existing resourceDirectory C:\Users\jay-pc\Selenium TTS 11-30 to 1-00\Selenium_Learning\src\main\resources
2023-11-25 12:52:04,249 [Worker-30: Building] INFO  o.a.m.s.f.DefaultMavenResourcesFiltering - skip non existing resourceDirectory C:\Users\jay-pc\Selenium TTS 11-30 to 1-00\Selenium_Learning\src\test\resources
2023-11-25 12:52:14,079 [Worker-30: Building] INFO  o.a.m.s.f.DefaultMavenResourcesFiltering - skip non existing resourceDirectory C:\Users\jay-pc\Selenium TTS 11-30 to 1-00\Selenium_Learning\src\main\resources
2023-11-25 12:52:14,080 [Worker-30: Building] INFO  o.a.m.s.f.DefaultMavenResourcesFiltering - skip non existing resourceDirectory C:\Users\jay-pc\Selenium TTS 11-30 to 1-00\Selenium_Learning\src\test\resources
2023-11-25 12:52:55,072 [Worker-43: Building] INFO  o.a.m.s.f.DefaultMavenResourcesFiltering - skip non existing resourceDirectory C:\Users\jay-pc\Selenium TTS 11-30 to 1-00\Selenium_Learning\src\main\resources
2023-11-25 12:52:55,074 [Worker-43: Building] INFO  o.a.m.s.f.DefaultMavenResourcesFiltering - skip non existing resourceDirectory C:\Users\jay-pc\Selenium TTS 11-30 to 1-00\Selenium_Learning\src\test\resources
2023-11-25 12:55:03,215 [Stop Help Server] INFO  org.eclipse.jetty.server.Server - Stopped Server@39df0bd6{STOPPING}[10.0.15,sto=0]
2023-11-25 12:55:03,226 [Stop Help Server] INFO  o.e.jetty.server.AbstractConnector - Stopped ServerConnector@7224c12c{HTTP/1.1, (http/1.1)}{127.0.0.1:0}
2023-11-25 12:55:03,237 [Stop Help Server] INFO  o.e.j.server.handler.ContextHandler - Stopped o.e.j.s.ServletContextHandler@5d6b997f{/help,null,STOPPED}
2023-11-25 18:14:31,714 [Worker-0: Loading available Gradle versions] INFO  o.e.b.c.i.u.g.PublishedGradleVersions - Gradle version information cache is out-of-date. Trying to update.
2023-11-27 15:10:27,799 [Worker-0: Loading available Gradle versions] INFO  o.e.b.c.i.u.g.PublishedGradleVersions - Gradle version information cache is up-to-date. Trying to read.
2023-11-28 11:47:46,921 [Worker-4: Loading available Gradle versions] INFO  o.e.b.c.i.u.g.PublishedGradleVersions - Gradle version information cache is up-to-date. Trying to read.
2023-11-28 11:47:50,464 [Start Help Server] INFO  org.eclipse.jetty.server.Server - jetty-10.0.15; built: 2023-04-11T17:25:14.480Z; git: 68017dbd00236bb7e187330d7585a059610f661d; jvm 18.0.2.1+1-1
2023-11-28 11:47:50,498 [Start Help Server] INFO  o.e.j.s.s.DefaultSessionIdManager - Session workerName=node0
2023-11-28 11:47:50,541 [Start Help Server] INFO  o.e.j.server.handler.ContextHandler - Started o.e.j.s.ServletContextHandler@a850108{/help,null,AVAILABLE}
2023-11-28 11:47:50,552 [Start Help Server] INFO  o.e.jetty.server.AbstractConnector - Started ServerConnector@6888fde{HTTP/1.1, (http/1.1)}{127.0.0.1:31099}
2023-11-28 11:47:50,580 [Start Help Server] INFO  org.eclipse.jetty.server.Server - Started Server@4ebb2fa9{STARTING}[10.0.15,sto=0] @164449ms
2023-11-28 11:49:45,333 [Worker-3: Building] INFO  o.a.m.s.f.DefaultMavenResourcesFiltering - skip non existing resourceDirectory C:\Users\jay-pc\Selenium TTS 11-30 to 1-00\Selenium_Learning\src\main\resources
2023-11-28 11:49:45,339 [Worker-3: Building] INFO  o.a.m.s.f.DefaultMavenResourcesFiltering - skip non existing resourceDirectory C:\Users\jay-pc\Selenium TTS 11-30 to 1-00\Selenium_Learning\src\test\resources
2023-11-28 11:53:56,042 [Worker-19: Building] INFO  o.a.m.s.f.DefaultMavenResourcesFiltering - skip non existing resourceDirectory C:\Users\jay-pc\Selenium TTS 11-30 to 1-00\Selenium_Learning\src\main\resources
2023-11-28 11:53:56,047 [Worker-19: Building] INFO  o.a.m.s.f.DefaultMavenResourcesFiltering - skip non existing resourceDirectory C:\Users\jay-pc\Selenium TTS 11-30 to 1-00\Selenium_Learning\src\test\resources
2023-11-28 11:54:07,344 [Worker-18: Building] INFO  o.a.m.s.f.DefaultMavenResourcesFiltering - skip non existing resourceDirectory C:\Users\jay-pc\Selenium TTS 11-30 to 1-00\Selenium_Learning\src\main\resources
2023-11-28 11:54:07,346 [Worker-18: Building] INFO  o.a.m.s.f.DefaultMavenResourcesFiltering - skip non existing resourceDirectory C:\Users\jay-pc\Selenium TTS 11-30 to 1-00\Selenium_Learning\src\test\resources
2023-11-28 11:58:24,830 [Worker-21: Building] INFO  o.a.m.s.f.DefaultMavenResourcesFiltering - skip non existing resourceDirectory C:\Users\jay-pc\Selenium TTS 11-30 to 1-00\Selenium_Learning\src\main\resources
2023-11-28 11:58:24,833 [Worker-21: Building] INFO  o.a.m.s.f.DefaultMavenResourcesFiltering - skip non existing resourceDirectory C:\Users\jay-pc\Selenium TTS 11-30 to 1-00\Selenium_Learning\src\test\resources
2023-11-28 11:58:32,550 [Worker-22: Building] INFO  o.a.m.s.f.DefaultMavenResourcesFiltering - skip non existing resourceDirectory C:\Users\jay-pc\Selenium TTS 11-30 to 1-00\Selenium_Learning\src\main\resources
2023-11-28 11:58:32,553 [Worker-22: Building] INFO  o.a.m.s.f.DefaultMavenResourcesFiltering - skip non existing resourceDirectory C:\Users\jay-pc\Selenium TTS 11-30 to 1-00\Selenium_Learning\src\test\resources
2023-11-28 11:58:37,675 [Worker-21: Building] INFO  o.a.m.s.f.DefaultMavenResourcesFiltering - skip non existing resourceDirectory C:\Users\jay-pc\Selenium TTS 11-30 to 1-00\Selenium_Learning\src\main\resources
2023-11-28 11:58:37,678 [Worker-21: Building] INFO  o.a.m.s.f.DefaultMavenResourcesFiltering - skip non existing resourceDirectory C:\Users\jay-pc\Selenium TTS 11-30 to 1-00\Selenium_Learning\src\test\resources
2023-11-28 12:21:13,859 [Worker-28: Building] INFO  o.a.m.s.f.DefaultMavenResourcesFiltering - skip non existing resourceDirectory C:\Users\jay-pc\Selenium TTS 11-30 to 1-00\Selenium_Learning\src\main\resources
2023-11-28 12:21:13,862 [Worker-28: Building] INFO  o.a.m.s.f.DefaultMavenResourcesFiltering - skip non existing resourceDirectory C:\Users\jay-pc\Selenium TTS 11-30 to 1-00\Selenium_Learning\src\test\resources
2023-11-28 12:21:26,630 [Worker-30: Building] INFO  o.a.m.s.f.DefaultMavenResourcesFiltering - skip non existing resourceDirectory C:\Users\jay-pc\Selenium TTS 11-30 to 1-00\Selenium_Learning\src\main\resources
2023-11-28 12:21:26,635 [Worker-30: Building] INFO  o.a.m.s.f.DefaultMavenResourcesFiltering - skip non existing resourceDirectory C:\Users\jay-pc\Selenium TTS 11-30 to 1-00\Selenium_Learning\src\test\resources
2023-11-28 12:21:38,595 [Worker-30: Building] INFO  o.a.m.s.f.DefaultMavenResourcesFiltering - skip non existing resourceDirectory C:\Users\jay-pc\Selenium TTS 11-30 to 1-00\Selenium_Learning\src\main\resources
2023-11-28 12:21:38,598 [Worker-30: Building] INFO  o.a.m.s.f.DefaultMavenResourcesFiltering - skip non existing resourceDirectory C:\Users\jay-pc\Selenium TTS 11-30 to 1-00\Selenium_Learning\src\test\resources
2023-11-28 12:21:47,286 [Worker-27: Building] INFO  o.a.m.s.f.DefaultMavenResourcesFiltering - skip non existing resourceDirectory C:\Users\jay-pc\Selenium TTS 11-30 to 1-00\Selenium_Learning\src\main\resources
2023-11-28 12:21:47,288 [Worker-27: Building] INFO  o.a.m.s.f.DefaultMavenResourcesFiltering - skip non existing resourceDirectory C:\Users\jay-pc\Selenium TTS 11-30 to 1-00\Selenium_Learning\src\test\resources
2023-11-28 12:21:51,100 [Worker-31: Building] INFO  o.a.m.s.f.DefaultMavenResourcesFiltering - skip non existing resourceDirectory C:\Users\jay-pc\Selenium TTS 11-30 to 1-00\Selenium_Learning\src\main\resources
2023-11-28 12:21:51,103 [Worker-31: Building] INFO  o.a.m.s.f.DefaultMavenResourcesFiltering - skip non existing resourceDirectory C:\Users\jay-pc\Selenium TTS 11-30 to 1-00\Selenium_Learning\src\test\resources
2023-11-28 12:22:20,836 [Worker-27: Building] INFO  o.a.m.s.f.DefaultMavenResourcesFiltering - skip non existing resourceDirectory C:\Users\jay-pc\Selenium TTS 11-30 to 1-00\Selenium_Learning\src\main\resources
2023-11-28 12:22:20,838 [Worker-27: Building] INFO  o.a.m.s.f.DefaultMavenResourcesFiltering - skip non existing resourceDirectory C:\Users\jay-pc\Selenium TTS 11-30 to 1-00\Selenium_Learning\src\test\resources
2023-11-28 12:22:21,873 [Worker-29: Building] INFO  o.a.m.s.f.DefaultMavenResourcesFiltering - skip non existing resourceDirectory C:\Users\jay-pc\Selenium TTS 11-30 to 1-00\Selenium_Learning\src\main\resources
2023-11-28 12:22:21,875 [Worker-29: Building] INFO  o.a.m.s.f.DefaultMavenResourcesFiltering - skip non existing resourceDirectory C:\Users\jay-pc\Selenium TTS 11-30 to 1-00\Selenium_Learning\src\test\resources
2023-11-28 12:22:27,135 [Worker-31: Building] INFO  o.a.m.s.f.DefaultMavenResourcesFiltering - skip non existing resourceDirectory C:\Users\jay-pc\Selenium TTS 11-30 to 1-00\Selenium_Learning\src\main\resources
2023-11-28 12:22:27,136 [Worker-31: Building] INFO  o.a.m.s.f.DefaultMavenResourcesFiltering - skip non existing resourceDirectory C:\Users\jay-pc\Selenium TTS 11-30 to 1-00\Selenium_Learning\src\test\resources
2023-11-28 12:22:32,731 [Worker-33: Building] INFO  o.a.m.s.f.DefaultMavenResourcesFiltering - skip non existing resourceDirectory C:\Users\jay-pc\Selenium TTS 11-30 to 1-00\Selenium_Learning\src\main\resources
2023-11-28 12:22:32,733 [Worker-33: Building] INFO  o.a.m.s.f.DefaultMavenResourcesFiltering - skip non existing resourceDirectory C:\Users\jay-pc\Selenium TTS 11-30 to 1-00\Selenium_Learning\src\test\resources
2023-11-28 12:22:57,938 [Worker-26: Building] INFO  o.a.m.s.f.DefaultMavenResourcesFiltering - skip non existing resourceDirectory C:\Users\jay-pc\Selenium TTS 11-30 to 1-00\Selenium_Learning\src\main\resources
2023-11-28 12:22:57,941 [Worker-26: Building] INFO  o.a.m.s.f.DefaultMavenResourcesFiltering - skip non existing resourceDirectory C:\Users\jay-pc\Selenium TTS 11-30 to 1-00\Selenium_Learning\src\test\resources
2023-11-28 12:23:29,828 [Worker-33: Building] INFO  o.a.m.s.f.DefaultMavenResourcesFiltering - skip non existing resourceDirectory C:\Users\jay-pc\Selenium TTS 11-30 to 1-00\Selenium_Learning\src\main\resources
2023-11-28 12:23:29,830 [Worker-33: Building] INFO  o.a.m.s.f.DefaultMavenResourcesFiltering - skip non existing resourceDirectory C:\Users\jay-pc\Selenium TTS 11-30 to 1-00\Selenium_Learning\src\test\resources
2023-11-28 12:23:44,960 [Worker-26: Building] INFO  o.a.m.s.f.DefaultMavenResourcesFiltering - skip non existing resourceDirectory C:\Users\jay-pc\Selenium TTS 11-30 to 1-00\Selenium_Learning\src\main\resources
2023-11-28 12:23:44,961 [Worker-26: Building] INFO  o.a.m.s.f.DefaultMavenResourcesFiltering - skip non existing resourceDirectory C:\Users\jay-pc\Selenium TTS 11-30 to 1-00\Selenium_Learning\src\test\resources
2023-11-28 12:24:04,559 [Worker-32: Building] INFO  o.a.m.s.f.DefaultMavenResourcesFiltering - skip non existing resourceDirectory C:\Users\jay-pc\Selenium TTS 11-30 to 1-00\Selenium_Learning\src\main\resources
2023-11-28 12:24:04,561 [Worker-32: Building] INFO  o.a.m.s.f.DefaultMavenResourcesFiltering - skip non existing resourceDirectory C:\Users\jay-pc\Selenium TTS 11-30 to 1-00\Selenium_Learning\src\test\resources
2023-11-28 12:24:08,036 [Worker-26: Building] INFO  o.a.m.s.f.DefaultMavenResourcesFiltering - skip non existing resourceDirectory C:\Users\jay-pc\Selenium TTS 11-30 to 1-00\Selenium_Learning\src\main\resources
2023-11-28 12:24:08,038 [Worker-26: Building] INFO  o.a.m.s.f.DefaultMavenResourcesFiltering - skip non existing resourceDirectory C:\Users\jay-pc\Selenium TTS 11-30 to 1-00\Selenium_Learning\src\test\resources
2023-11-28 12:24:23,793 [Worker-28: Building] INFO  o.a.m.s.f.DefaultMavenResourcesFiltering - skip non existing resourceDirectory C:\Users\jay-pc\Selenium TTS 11-30 to 1-00\Selenium_Learning\src\main\resources
2023-11-28 12:24:23,795 [Worker-28: Building] INFO  o.a.m.s.f.DefaultMavenResourcesFiltering - skip non existing resourceDirectory C:\Users\jay-pc\Selenium TTS 11-30 to 1-00\Selenium_Learning\src\test\resources
2023-11-28 12:24:30,322 [Worker-32: Building] INFO  o.a.m.s.f.DefaultMavenResourcesFiltering - skip non existing resourceDirectory C:\Users\jay-pc\Selenium TTS 11-30 to 1-00\Selenium_Learning\src\main\resources
2023-11-28 12:24:30,325 [Worker-32: Building] INFO  o.a.m.s.f.DefaultMavenResourcesFiltering - skip non existing resourceDirectory C:\Users\jay-pc\Selenium TTS 11-30 to 1-00\Selenium_Learning\src\test\resources
2023-11-28 12:29:52,425 [Worker-29: Building] INFO  o.a.m.s.f.DefaultMavenResourcesFiltering - skip non existing resourceDirectory C:\Users\jay-pc\Selenium TTS 11-30 to 1-00\Selenium_Learning\src\main\resources
2023-11-28 12:29:52,427 [Worker-29: Building] INFO  o.a.m.s.f.DefaultMavenResourcesFiltering - skip non existing resourceDirectory C:\Users\jay-pc\Selenium TTS 11-30 to 1-00\Selenium_Learning\src\test\resources
2023-11-28 12:29:55,230 [Worker-37: Building] INFO  o.a.m.s.f.DefaultMavenResourcesFiltering - skip non existing resourceDirectory C:\Users\jay-pc\Selenium TTS 11-30 to 1-00\Selenium_Learning\src\main\resources
2023-11-28 12:29:55,233 [Worker-37: Building] INFO  o.a.m.s.f.DefaultMavenResourcesFiltering - skip non existing resourceDirectory C:\Users\jay-pc\Selenium TTS 11-30 to 1-00\Selenium_Learning\src\test\resources
2023-11-28 12:30:10,752 [Worker-37: Building] INFO  o.a.m.s.f.DefaultMavenResourcesFiltering - skip non existing resourceDirectory C:\Users\jay-pc\Selenium TTS 11-30 to 1-00\Selenium_Learning\src\main\resources
2023-11-28 12:30:10,755 [Worker-37: Building] INFO  o.a.m.s.f.DefaultMavenResourcesFiltering - skip non existing resourceDirectory C:\Users\jay-pc\Selenium TTS 11-30 to 1-00\Selenium_Learning\src\test\resources
2023-11-28 12:30:16,499 [Worker-29: Building] INFO  o.a.m.s.f.DefaultMavenResourcesFiltering - skip non existing resourceDirectory C:\Users\jay-pc\Selenium TTS 11-30 to 1-00\Selenium_Learning\src\main\resources
2023-11-28 12:30:16,501 [Worker-29: Building] INFO  o.a.m.s.f.DefaultMavenResourcesFiltering - skip non existing resourceDirectory C:\Users\jay-pc\Selenium TTS 11-30 to 1-00\Selenium_Learning\src\test\resources
2023-11-28 12:31:11,451 [Worker-35: Building] INFO  o.a.m.s.f.DefaultMavenResourcesFiltering - skip non existing resourceDirectory C:\Users\jay-pc\Selenium TTS 11-30 to 1-00\Selenium_Learning\src\main\resources
2023-11-28 12:31:11,453 [Worker-35: Building] INFO  o.a.m.s.f.DefaultMavenResourcesFiltering - skip non existing resourceDirectory C:\Users\jay-pc\Selenium TTS 11-30 to 1-00\Selenium_Learning\src\test\resources
2023-11-28 12:31:41,840 [Worker-35: Building] INFO  o.a.m.s.f.DefaultMavenResourcesFiltering - skip non existing resourceDirectory C:\Users\jay-pc\Selenium TTS 11-30 to 1-00\Selenium_Learning\src\main\resources
2023-11-28 12:31:41,842 [Worker-35: Building] INFO  o.a.m.s.f.DefaultMavenResourcesFiltering - skip non existing resourceDirectory C:\Users\jay-pc\Selenium TTS 11-30 to 1-00\Selenium_Learning\src\test\resources
2023-11-28 12:31:51,346 [Worker-38: Building] INFO  o.a.m.s.f.DefaultMavenResourcesFiltering - skip non existing resourceDirectory C:\Users\jay-pc\Selenium TTS 11-30 to 1-00\Selenium_Learning\src\main\resources
2023-11-28 12:31:51,349 [Worker-38: Building] INFO  o.a.m.s.f.DefaultMavenResourcesFiltering - skip non existing resourceDirectory C:\Users\jay-pc\Selenium TTS 11-30 to 1-00\Selenium_Learning\src\test\resources
2023-11-28 12:32:05,972 [Worker-37: Building] INFO  o.a.m.s.f.DefaultMavenResourcesFiltering - skip non existing resourceDirectory C:\Users\jay-pc\Selenium TTS 11-30 to 1-00\Selenium_Learning\src\main\resources
2023-11-28 12:32:05,974 [Worker-37: Building] INFO  o.a.m.s.f.DefaultMavenResourcesFiltering - skip non existing resourceDirectory C:\Users\jay-pc\Selenium TTS 11-30 to 1-00\Selenium_Learning\src\test\resources
2023-11-28 12:35:15,297 [Worker-38: Building] INFO  o.a.m.s.f.DefaultMavenResourcesFiltering - skip non existing resourceDirectory C:\Users\jay-pc\Selenium TTS 11-30 to 1-00\Selenium_Learning\src\main\resources
2023-11-28 12:35:15,299 [Worker-38: Building] INFO  o.a.m.s.f.DefaultMavenResourcesFiltering - skip non existing resourceDirectory C:\Users\jay-pc\Selenium TTS 11-30 to 1-00\Selenium_Learning\src\test\resources
2023-11-28 12:35:53,029 [Worker-41: Building] INFO  o.a.m.s.f.DefaultMavenResourcesFiltering - skip non existing resourceDirectory C:\Users\jay-pc\Selenium TTS 11-30 to 1-00\Selenium_Learning\src\main\resources
2023-11-28 12:35:53,031 [Worker-41: Building] INFO  o.a.m.s.f.DefaultMavenResourcesFiltering - skip non existing resourceDirectory C:\Users\jay-pc\Selenium TTS 11-30 to 1-00\Selenium_Learning\src\test\resources
2023-11-28 12:37:08,408 [Worker-35: Building] INFO  o.a.m.s.f.DefaultMavenResourcesFiltering - skip non existing resourceDirectory C:\Users\jay-pc\Selenium TTS 11-30 to 1-00\Selenium_Learning\src\main\resources
2023-11-28 12:37:08,410 [Worker-35: Building] INFO  o.a.m.s.f.DefaultMavenResourcesFiltering - skip non existing resourceDirectory C:\Users\jay-pc\Selenium TTS 11-30 to 1-00\Selenium_Learning\src\test\resources
2023-11-28 12:37:42,356 [Worker-39: Building] INFO  o.a.m.s.f.DefaultMavenResourcesFiltering - skip non existing resourceDirectory C:\Users\jay-pc\Selenium TTS 11-30 to 1-00\Selenium_Learning\src\main\resources
2023-11-28 12:37:42,358 [Worker-39: Building] INFO  o.a.m.s.f.DefaultMavenResourcesFiltering - skip non existing resourceDirectory C:\Users\jay-pc\Selenium TTS 11-30 to 1-00\Selenium_Learning\src\test\resources
2023-11-28 12:37:49,356 [Worker-39: Building] INFO  o.a.m.s.f.DefaultMavenResourcesFiltering - skip non existing resourceDirectory C:\Users\jay-pc\Selenium TTS 11-30 to 1-00\Selenium_Learning\src\main\resources
2023-11-28 12:37:49,358 [Worker-39: Building] INFO  o.a.m.s.f.DefaultMavenResourcesFiltering - skip non existing resourceDirectory C:\Users\jay-pc\Selenium TTS 11-30 to 1-00\Selenium_Learning\src\test\resources
2023-11-28 12:38:02,580 [Worker-40: Building] INFO  o.a.m.s.f.DefaultMavenResourcesFiltering - skip non existing resourceDirectory C:\Users\jay-pc\Selenium TTS 11-30 to 1-00\Selenium_Learning\src\main\resources
2023-11-28 12:38:02,582 [Worker-40: Building] INFO  o.a.m.s.f.DefaultMavenResourcesFiltering - skip non existing resourceDirectory C:\Users\jay-pc\Selenium TTS 11-30 to 1-00\Selenium_Learning\src\test\resources
2023-11-28 12:38:40,780 [Worker-39: Building] INFO  o.a.m.s.f.DefaultMavenResourcesFiltering - skip non existing resourceDirectory C:\Users\jay-pc\Selenium TTS 11-30 to 1-00\Selenium_Learning\src\main\resources
2023-11-28 12:38:40,783 [Worker-39: Building] INFO  o.a.m.s.f.DefaultMavenResourcesFiltering - skip non existing resourceDirectory C:\Users\jay-pc\Selenium TTS 11-30 to 1-00\Selenium_Learning\src\test\resources
2023-11-28 12:39:31,384 [Worker-38: Building] INFO  o.a.m.s.f.DefaultMavenResourcesFiltering - skip non existing resourceDirectory C:\Users\jay-pc\Selenium TTS 11-30 to 1-00\Selenium_Learning\src\main\resources
2023-11-28 12:39:31,385 [Worker-38: Building] INFO  o.a.m.s.f.DefaultMavenResourcesFiltering - skip non existing resourceDirectory C:\Users\jay-pc\Selenium TTS 11-30 to 1-00\Selenium_Learning\src\test\resources
2023-11-28 12:39:34,172 [Worker-41: Building] INFO  o.a.m.s.f.DefaultMavenResourcesFiltering - skip non existing resourceDirectory C:\Users\jay-pc\Selenium TTS 11-30 to 1-00\Selenium_Learning\src\main\resources
2023-11-28 12:39:34,174 [Worker-41: Building] INFO  o.a.m.s.f.DefaultMavenResourcesFiltering - skip non existing resourceDirectory C:\Users\jay-pc\Selenium TTS 11-30 to 1-00\Selenium_Learning\src\test\resources
2023-11-28 12:39:43,347 [Worker-40: Building] INFO  o.a.m.s.f.DefaultMavenResourcesFiltering - skip non existing resourceDirectory C:\Users\jay-pc\Selenium TTS 11-30 to 1-00\Selenium_Learning\src\main\resources
2023-11-28 12:39:43,350 [Worker-40: Building] INFO  o.a.m.s.f.DefaultMavenResourcesFiltering - skip non existing resourceDirectory C:\Users\jay-pc\Selenium TTS 11-30 to 1-00\Selenium_Learning\src\test\resources
2023-11-28 12:40:05,711 [Worker-42: Building] INFO  o.a.m.s.f.DefaultMavenResourcesFiltering - skip non existing resourceDirectory C:\Users\jay-pc\Selenium TTS 11-30 to 1-00\Selenium_Learning\src\main\resources
